{"logTime": "0620/065528", "correlationVector":"D7J/B7X3LzPRv9Jb/DzBev.1","action":"SyncServerConnectionManagerRequest", "result":"SYNC_SERVER_OK", "context":{"environment":"Prod_francecentral_prod-s01-062-eur-francecentral", "migrationStage":"NotStarted", "server":"akswtt11500002n"}}
{"logTime": "0620/065528", "correlationVector":"D7J/B7X3LzPRv9Jb/DzBev.2","action":"ProcessGetUpdates", "result":"Done", "context":{"dataType":"Encryption Keys", "deleted":"0", "process_failed_to_decrypt":"0", "process_pending_decryption":"0", "process_success":"1", "total":"1"}}
{"logTime": "0620/065529", "correlationVector":"K+beY+jvI494KKKHr2YPml","action":"SyncServerConnectionManagerRequest", "result":"SYNC_SERVER_OK", "context":{"environment":"", "migrationStage":"", "server":""}}
{"logTime": "0620/065529", "correlationVector":"K+beY+jvI494KKKHr2YPml.0","action":"EncryptionKeysFetcher.DownloadKeys:", "result":"Success", "context":Key count: 9, Last key timestamp: 2026-04-06T16:18:19Z}
{"logTime": "0620/065529", "correlationVector":"K+beY+jvI494KKKHr2YPml.1","action":"EncryptionKeysManager::SetEncryptionKeys:", "result":"Success", "context":Key names[9]:[YUTrmW9bSlkIl93LQaEMwaSk8Y+WL6G+1K2F23jTh1D9zuVWc6sEwIBmsPhYCP4VYm97QGKRMkzC+kooWP/F2Q==][/XWTqr30e2o5ZCAfDU3lTobA5SODXY36z0XLz4mOX7v6nDpaFfpi02IcYFd75HvENdkfd57vf4I96SnxtqMN/Q==][FDkk1IkruxmX+sghezMCkAzb/4Y/4sozlg1lbxz6QhaxECBFoNUAsx2El1CNLP5OWmHPmyqZhhpXCpc3xtl9HA==][Tizf1/km46QmEwODnyqJPibIDncTMNqMWkNnmhZF3kzX3XBc0OYBno05YaZrDOI08hMIQJLUJFI14N3E462tYg==][Roi/mzESHFDQxf71mSckJ6/ytjAYtmhPY7NDH5+0ciB8JsehYWj5NhP7NJr3INnwxOwID5I6BKom1tRBJVUApA==][mrpygSv9iQ9XKkhlqdstSUlBWAWnDmnmvqXTxZ/QezTH9BfU5q2QmufBPbmPcCOBZvwch/iygvbokuFLGBKgcg==][WS4QECxXWIa9vUw/YCOvNy1ELopGCQ693rTpz1cHQh2szpLgFHeGKeBW2oQmaeXFdIZv8W0mPljbUytPrxRumg==][ddcBWtQZWba5QVPEgt2k9QBAnbYwJ2vnnIXm1KUs14ojQytCMGwExQlV5+fY+sfWTivwLeRPZB7MdMXWy9Z00g==][QF3DuPvnaDP0qt5mgjr9wzy2BYof2sorbVE30E6LXfc9jfjKLy2KZv+Sgi1Z5oQpRGVV0/2SKx4BD4DVKq2aJQ==]}
{"logTime": "0620/065529", "correlationVector":"K+beY+jvI494KKKHr2YPml.2","action":"EncryptionKeysManager::SetEncryptionKeysWithTimestamps:", "result":"Success", "context":Key timestamps[9]:[2021-10-27T20:17:33Z][2022-06-14T23:04:00Z][2022-12-30T00:38:13Z][2023-06-28T21:23:13Z][2023-12-26T19:19:31Z][2024-06-23T21:03:11Z][2024-12-22T14:56:36Z][2025-06-26T16:18:07Z][2026-04-06T16:18:19Z]}
{"logTime": "0620/065529", "correlationVector":"D7J/B7X3LzPRv9Jb/DzBev","action":"Initial GetUpdates", "result":"", "context":Reason: NEW_CLIENT. cV=D7J/B7X3LzPRv9Jb/DzBev}
{"logTime": "0620/065529", "correlationVector":"D7J/B7X3LzPRv9Jb/DzBev.3","action":"GetUpdates Response", "result":"Success", "context":Received 1 update(s). cV=D7J/B7X3LzPRv9Jb/DzBev.0;server=akswtt11500002n;cloudType=Consumer;environment=Prod_francecentral_prod-s01-062-eur-francecentral;migrationStage=NotStarted}
{"logTime": "0620/065530", "correlationVector":"iEzilTNANPxLrEV9rZ/87R","action":"Initial GetUpdates", "result":"", "context":Reason: NEWLY_SUPPORTED_DATATYPE. cV=iEzilTNANPxLrEV9rZ/87R}
{"logTime": "0620/065530", "correlationVector":"iEzilTNANPxLrEV9rZ/87R.1","action":"SyncServerConnectionManagerRequest", "result":"SYNC_SERVER_OK", "context":{"environment":"Prod_francecentral_prod-s01-062-eur-francecentral", "migrationStage":"NotStarted", "server":"akswtt11500002f"}}
{"logTime": "0620/065530", "correlationVector":"iEzilTNANPxLrEV9rZ/87R.2","action":"ProcessGetUpdates", "result":"Done", "context":{"dataType":"Preferences", "deleted":"0", "process_failed_to_decrypt":"0", "process_pending_decryption":"0", "process_success":"84", "total":"84"}}
{"logTime": "0620/065530", "correlationVector":"iEzilTNANPxLrEV9rZ/87R.3","action":"ProcessGetUpdates", "result":"Done", "context":{"dataType":"Passwords", "deleted":"1", "process_failed_to_decrypt":"0", "process_pending_decryption":"0", "process_success":"84", "total":"84"}}
{"logTime": "0620/065530", "correlationVector":"iEzilTNANPxLrEV9rZ/87R.4","action":"ProcessGetUpdates", "result":"Done", "context":{"dataType":"Device Info", "deleted":"0", "process_failed_to_decrypt":"0", "process_pending_decryption":"0", "process_success":"4", "total":"4"}}
{"logTime": "0620/065530", "correlationVector":"iEzilTNANPxLrEV9rZ/87R.5","action":"GetUpdates Response", "result":"Success", "context":Received 172 update(s). cV=iEzilTNANPxLrEV9rZ/87R.0;server=akswtt11500002f;cloudType=Consumer;environment=Prod_francecentral_prod-s01-062-eur-francecentral;migrationStage=NotStarted}
{"logTime": "0620/065530", "correlationVector":"zRH4mMhVQ9oSy5xbDt6kHd","action":"Initial GetUpdates", "result":"", "context":Reason: NEWLY_SUPPORTED_DATATYPE. cV=zRH4mMhVQ9oSy5xbDt6kHd}
{"logTime": "0620/065530", "correlationVector":"zRH4mMhVQ9oSy5xbDt6kHd.1","action":"SyncServerConnectionManagerRequest", "result":"SYNC_SERVER_OK", "context":{"environment":"Prod_francecentral_prod-s01-062-eur-francecentral", "migrationStage":"NotStarted", "server":"akswtt11500001r"}}
{"logTime": "0620/065530", "correlationVector":"zRH4mMhVQ9oSy5xbDt6kHd.2","action":"ProcessGetUpdates", "result":"Done", "context":{"dataType":"Bookmarks", "deleted":"0", "process_failed_to_decrypt":"0", "process_pending_decryption":"0", "process_success":"138", "total":"138"}}
{"logTime": "0620/065530", "correlationVector":"zRH4mMhVQ9oSy5xbDt6kHd.3","action":"GetUpdates Response", "result":"Success", "context":Received 138 update(s). cV=zRH4mMhVQ9oSy5xbDt6kHd.0;server=akswtt11500001r;cloudType=Consumer;environment=Prod_francecentral_prod-s01-062-eur-francecentral;migrationStage=NotStarted}
{"logTime": "0620/065530", "correlationVector":"+Zgdds+Cea/UDUqGPtSxjt","action":"Initial GetUpdates", "result":"", "context":Reason: NEWLY_SUPPORTED_DATATYPE. cV=+Zgdds+Cea/UDUqGPtSxjt}
{"logTime": "0620/065531", "correlationVector":"+Zgdds+Cea/UDUqGPtSxjt.1","action":"SyncServerConnectionManagerRequest", "result":"SYNC_SERVER_OK", "context":{"environment":"Prod_francecentral_prod-s01-062-eur-francecentral", "migrationStage":"NotStarted", "server":"akswtt11500002n"}}
{"logTime": "0620/065531", "correlationVector":"+Zgdds+Cea/UDUqGPtSxjt.2","action":"ProcessGetUpdates", "result":"Done", "context":{"dataType":"Autofill Profiles", "deleted":"0", "process_failed_to_decrypt":"0", "process_pending_decryption":"0", "process_success":"2", "total":"2"}}
{"logTime": "0620/065531", "correlationVector":"+Zgdds+Cea/UDUqGPtSxjt.3","action":"ProcessGetUpdates", "result":"Done", "context":{"dataType":"Autofill", "deleted":"0", "process_failed_to_decrypt":"0", "process_pending_decryption":"0", "process_success":"55", "total":"55"}}
{"logTime": "0620/065531", "correlationVector":"+Zgdds+Cea/UDUqGPtSxjt.4","action":"ProcessGetUpdates", "result":"Done", "context":{"dataType":"Sessions", "deleted":"11", "process_failed_to_decrypt":"0", "process_pending_decryption":"0", "process_success":"14", "total":"14"}}
{"logTime": "0620/065531", "correlationVector":"+Zgdds+Cea/UDUqGPtSxjt.5","action":"ProcessGetUpdates", "result":"Done", "context":{"dataType":"Web Apps", "deleted":"0", "process_failed_to_decrypt":"0", "process_pending_decryption":"0", "process_success":"1", "total":"1"}}
{"logTime": "0620/065531", "correlationVector":"+Zgdds+Cea/UDUqGPtSxjt.6","action":"ProcessGetUpdates", "result":"Done", "context":{"dataType":"Saved Tab Group", "deleted":"2", "process_failed_to_decrypt":"0", "process_pending_decryption":"0", "process_success":"2", "total":"2"}}
{"logTime": "0620/065531", "correlationVector":"+Zgdds+Cea/UDUqGPtSxjt.7","action":"GetUpdates Response", "result":"Success", "context":Received 74 update(s). cV=+Zgdds+Cea/UDUqGPtSxjt.0;server=akswtt11500002n;cloudType=Consumer;environment=Prod_francecentral_prod-s01-062-eur-francecentral;migrationStage=NotStarted}
{"logTime": "0620/065531", "correlationVector":"S5NsCJSR4VPQXO/+AwydqC","action":"Initial GetUpdates", "result":"", "context":Reason: NEWLY_SUPPORTED_DATATYPE. cV=S5NsCJSR4VPQXO/+AwydqC}
{"logTime": "0620/065531", "correlationVector":"S5NsCJSR4VPQXO/+AwydqC.1","action":"SyncServerConnectionManagerRequest", "result":"SYNC_SERVER_OK", "context":{"environment":"Prod_francecentral_prod-s01-062-eur-francecentral", "migrationStage":"NotStarted", "server":"akswtt11500002o"}}
{"logTime": "0620/065531", "correlationVector":"S5NsCJSR4VPQXO/+AwydqC.2","action":"ProcessGetUpdates", "result":"Done", "context":{"dataType":"History", "deleted":"0", "process_failed_to_decrypt":"0", "process_pending_decryption":"0", "process_success":"26", "total":"26"}}
{"logTime": "0620/065531", "correlationVector":"S5NsCJSR4VPQXO/+AwydqC.3","action":"GetUpdates Response", "result":"Success", "context":Received 26 update(s). cV=S5NsCJSR4VPQXO/+AwydqC.0;server=akswtt11500002o;cloudType=Consumer;environment=Prod_francecentral_prod-s01-062-eur-francecentral;migrationStage=NotStarted}
{"logTime": "0620/065532", "correlationVector":"1Wve3pJOPIpszCLOrefrGd","action":"Normal GetUpdate request", "result":"", "context":cV=1Wve3pJOPIpszCLOrefrGd
Nudged types: Sessions, Device Info, User Consents
Refresh requested types: Bookmarks, Preferences, Passwords, Autofill Profiles, Autofill, Extensions, Sessions, Extension settings, History Delete Directives, Device Info, User Consents, Send Tab To Self, Web Apps, History, Saved Tab Group, WebAuthn Credentials, Collection, Edge E Drop, Edge Hub App Usage, Edge Wallet, Edge Workspace, Encryption Keys}
{"logTime": "0620/065532", "correlationVector":"1Wve3pJOPIpszCLOrefrGd.1","action":"SyncServerConnectionManagerRequest", "result":"SYNC_SERVER_OK", "context":{"environment":"Prod_francecentral_prod-s01-062-eur-francecentral", "migrationStage":"NotStarted", "server":"akswtt11500002h"}}
{"logTime": "0620/065532", "correlationVector":"1Wve3pJOPIpszCLOrefrGd.2","action":"GetUpdates Response", "result":"Success", "context":Received 0 update(s). cV=1Wve3pJOPIpszCLOrefrGd.0;server=akswtt11500002h;cloudType=Consumer;environment=Prod_francecentral_prod-s01-062-eur-francecentral;migrationStage=NotStarted}
{"logTime": "0620/065533", "correlationVector":"mco/cQ0sJwJ6O3ehVxqtfN","action":"DoCompareDataConsistency requsted types: ", "result":"Bookmarks, Preferences, Passwords, Extensions, Extension settings, History Delete Directives, Send Tab To Self, Web Apps, History, Saved Tab Group, WebAuthn Credentials, Collection, Edge E Drop, Edge Wallet, Edge Workspace, Encryption Keys"}
{"logTime": "0620/065533", "correlationVector":"mco/cQ0sJwJ6O3ehVxqtfN.0","action":"CompareDataConsistency result: ", "result":"Compare result: Encryption Keys is consistent. local entities count is: 1 local entities hash is: AHhx7O+F1gp5/QtSxXHCyoJCydo="}
{"logTime": "0620/065533", "correlationVector":"mco/cQ0sJwJ6O3ehVxqtfN.1","action":"CompareDataConsistency result: ", "result":"Compare result: Bookmarks is consistent. local entities count is: 132 local entities hash is: CRWmf0My1hoYyHArTZAZVaff3Uo="}
{"logTime": "0620/065533", "correlationVector":"mco/cQ0sJwJ6O3ehVxqtfN.2","action":"CompareDataConsistency result: ", "result":"Compare result: Preferences is consistent. local entities count is: 84 local entities hash is: zO1CDHYGB/VftGDqa8uo5pYGxwc="}
{"logTime": "0620/065533", "correlationVector":"mco/cQ0sJwJ6O3ehVxqtfN.3","action":"CompareDataConsistency result: ", "result":"Compare result: Passwords is consistent. local entities count is: 83 local entities hash is: 8YNwgFPCwCaXsDOxnfS1w+xwlR0="}
{"logTime": "0620/065533", "correlationVector":"mco/cQ0sJwJ6O3ehVxqtfN.4","action":"CompareDataConsistency result: ", "result":"Compare result: Extensions is consistent. local entities count is: 0 local entities hash is: "}
{"logTime": "0620/065533", "correlationVector":"mco/cQ0sJwJ6O3ehVxqtfN.5","action":"CompareDataConsistency result: ", "result":"Compare result: Extension settings is consistent. local entities count is: 0 local entities hash is: "}
{"logTime": "0620/065533", "correlationVector":"mco/cQ0sJwJ6O3ehVxqtfN.6","action":"CompareDataConsistency result: ", "result":"Compare result: History Delete Directives is consistent. local entities count is: 0 local entities hash is: "}
{"logTime": "0620/065533", "correlationVector":"mco/cQ0sJwJ6O3ehVxqtfN.7","action":"CompareDataConsistency result: ", "result":"Server did not send this Send Tab To Self local entities count is: 0 local entities hash is: "}
{"logTime": "0620/065533", "correlationVector":"mco/cQ0sJwJ6O3ehVxqtfN.8","action":"CompareDataConsistency result: ", "result":"Compare result: Web Apps is consistent. local entities count is: 1 local entities hash is: I6bk7RgW5wDcBlkAwiY1xCOEpbU="}
{"logTime": "0620/065533", "correlationVector":"mco/cQ0sJwJ6O3ehVxqtfN.9","action":"CompareDataConsistency result: ", "result":"Server did not send this History local entities count is: 0 local entities hash is: "}
{"logTime": "0620/065533", "correlationVector":"mco/cQ0sJwJ6O3ehVxqtfN.10","action":"CompareDataConsistency result: ", "result":"Compare result: Saved Tab Group is consistent. local entities count is: 0 local entities hash is: "}
{"logTime": "0620/065533", "correlationVector":"mco/cQ0sJwJ6O3ehVxqtfN.11","action":"CompareDataConsistency result: ", "result":"Server did not send this WebAuthn Credentials local entities count is: 0 local entities hash is: "}
{"logTime": "0620/065533", "correlationVector":"mco/cQ0sJwJ6O3ehVxqtfN.12","action":"CompareDataConsistency result: ", "result":"Compare result: Collection is consistent. local entities count is: 0 local entities hash is: "}
{"logTime": "0620/065533", "correlationVector":"mco/cQ0sJwJ6O3ehVxqtfN.13","action":"CompareDataConsistency result: ", "result":"Compare result: Edge E Drop is consistent. local entities count is: 0 local entities hash is: "}
{"logTime": "0620/065533", "correlationVector":"mco/cQ0sJwJ6O3ehVxqtfN.14","action":"CompareDataConsistency result: ", "result":"Compare result: Edge Wallet is consistent. local entities count is: 0 local entities hash is: "}
{"logTime": "0620/065533", "correlationVector":"mco/cQ0sJwJ6O3ehVxqtfN.15","action":"CompareDataConsistency result: ", "result":"Server did not send this Edge Workspace local entities count is: 0 local entities hash is: "}
{"logTime": "0620/065533", "correlationVector":"2y5nDMz2xazVUnbelTTPfH","action":"Commit Request", "result":"", "context":Item count: 4
Contributing types: Sessions, Device Info, User Consents}
{"logTime": "0620/065534", "correlationVector":"2y5nDMz2xazVUnbelTTPfH.1","action":"SyncServerConnectionManagerRequest", "result":"SYNC_SERVER_OK", "context":{"environment":"Prod_francecentral_prod-s01-062-eur-francecentral", "migrationStage":"NotStarted", "server":"akswtt11500002h"}}
{"logTime": "0620/065534", "correlationVector":"2y5nDMz2xazVUnbelTTPfH.2","action":"Commit Response", "result":"Success", "context":Result: Success. cV=2y5nDMz2xazVUnbelTTPfH.0;server=akswtt11500002h;cloudType=Consumer;environment=Prod_francecentral_prod-s01-062-eur-francecentral;migrationStage=NotStarted}
{"logTime": "0620/065534", "correlationVector":"","action":"DIAGNOSTIC_REQUEST|v1/diagnosticData/Diagnostic.SendCheckResult()|SUCCESS", "result":""}
{"logTime": "0620/065536", "correlationVector":"2UGffQtXmukyoFT6U1b5YD","action":"Commit Request", "result":"", "context":Item count: 1
Contributing types: Passwords}
{"logTime": "0620/065537", "correlationVector":"2UGffQtXmukyoFT6U1b5YD.1","action":"SyncServerConnectionManagerRequest", "result":"SYNC_SERVER_OK", "context":{"environment":"Prod_francecentral_prod-s01-062-eur-francecentral", "migrationStage":"NotStarted", "server":"akswtt11500002p"}}
{"logTime": "0620/065537", "correlationVector":"2UGffQtXmukyoFT6U1b5YD.2","action":"Commit Response", "result":"Success", "context":Result: Success. cV=2UGffQtXmukyoFT6U1b5YD.0;server=akswtt11500002p;cloudType=Consumer;environment=Prod_francecentral_prod-s01-062-eur-francecentral;migrationStage=NotStarted}
{"logTime": "0620/065553", "correlationVector":"yYKgdrgrIjWIKFoSr5EmYi","action":"Commit Request", "result":"", "context":Item count: 5
Contributing types: Preferences, Sessions, History}
{"logTime": "0620/065554", "correlationVector":"yYKgdrgrIjWIKFoSr5EmYi.1","action":"SyncServerConnectionManagerRequest", "result":"SYNC_SERVER_OK", "context":{"environment":"Prod_francecentral_prod-s01-062-eur-francecentral", "migrationStage":"NotStarted", "server":"akswtt11500002n"}}
{"logTime": "0620/065554", "correlationVector":"yYKgdrgrIjWIKFoSr5EmYi.2","action":"Commit Response", "result":"Success", "context":Result: Success. cV=yYKgdrgrIjWIKFoSr5EmYi.0;server=akswtt11500002n;cloudType=Consumer;environment=Prod_francecentral_prod-s01-062-eur-francecentral;migrationStage=NotStarted}
{"logTime": "0620/065650", "correlationVector":"YQX3uZ5aVOW4e22dTF/n8q","action":"Normal GetUpdate request", "result":"", "context":cV=YQX3uZ5aVOW4e22dTF/n8q
Nudged types: Preferences, Sessions, History
Refresh requested types: Bookmarks, Preferences, Passwords, Autofill Profiles, Autofill, Extensions, Sessions, Extension settings, History Delete Directives, Device Info, User Consents, Send Tab To Self, Web Apps, History, Saved Tab Group, WebAuthn Credentials, Collection, Edge E Drop, Edge Hub App Usage, Edge Wallet, Edge Workspace, Encryption Keys}
{"logTime": "0620/065650", "correlationVector":"YQX3uZ5aVOW4e22dTF/n8q.1","action":"SyncServerConnectionManagerRequest", "result":"SYNC_SERVER_OK", "context":{"environment":"Prod_francecentral_prod-s01-062-eur-francecentral", "migrationStage":"NotStarted", "server":"akswtt11500002b"}}
{"logTime": "0620/065650", "correlationVector":"YQX3uZ5aVOW4e22dTF/n8q.2","action":"ProcessGetUpdates", "result":"Done", "context":{"dataType":"Preferences", "deleted":"0", "process_failed_to_decrypt":"0", "process_pending_decryption":"0", "process_success":"1", "total":"1"}}
{"logTime": "0620/065650", "correlationVector":"YQX3uZ5aVOW4e22dTF/n8q.3","action":"ProcessGetUpdates", "result":"Done", "context":{"dataType":"Passwords", "deleted":"0", "process_failed_to_decrypt":"0", "process_pending_decryption":"0", "process_success":"1", "total":"1"}}
{"logTime": "0620/065650", "correlationVector":"YQX3uZ5aVOW4e22dTF/n8q.4","action":"ProcessGetUpdates", "result":"Done", "context":{"dataType":"Sessions", "deleted":"0", "process_failed_to_decrypt":"0", "process_pending_decryption":"0", "process_success":"3", "total":"3"}}
{"logTime": "0620/065650", "correlationVector":"YQX3uZ5aVOW4e22dTF/n8q.5","action":"ProcessGetUpdates", "result":"Done", "context":{"dataType":"Device Info", "deleted":"0", "process_failed_to_decrypt":"0", "process_pending_decryption":"0", "process_success":"1", "total":"1"}}
{"logTime": "0620/065650", "correlationVector":"YQX3uZ5aVOW4e22dTF/n8q.6","action":"ProcessGetUpdates", "result":"Done", "context":{"dataType":"History", "deleted":"0", "process_failed_to_decrypt":"0", "process_pending_decryption":"0", "process_success":"2", "total":"2"}}
{"logTime": "0620/065650", "correlationVector":"YQX3uZ5aVOW4e22dTF/n8q.7","action":"GetUpdates Response", "result":"Success", "context":Received 8 update(s). cV=YQX3uZ5aVOW4e22dTF/n8q.0;server=akswtt11500002b;cloudType=Consumer;environment=Prod_francecentral_prod-s01-062-eur-francecentral;migrationStage=NotStarted}
{"logTime": "0620/065651", "correlationVector":"p/FwEtheP6yvvaGOGLFZey","action":"Commit Request", "result":"", "context":Item count: 6
Contributing types: Preferences, Sessions, History}
{"logTime": "0620/065651", "correlationVector":"p/FwEtheP6yvvaGOGLFZey.1","action":"SyncServerConnectionManagerRequest", "result":"SYNC_SERVER_OK", "context":{"environment":"Prod_francecentral_prod-s01-062-eur-francecentral", "migrationStage":"NotStarted", "server":"akswtt11500002d"}}
{"logTime": "0620/065651", "correlationVector":"p/FwEtheP6yvvaGOGLFZey.3","action":"Commit.Sessions", "result":"Success", "context":{"id":"64eb3959-695f-4462-b7f3-34c6e6e074f0", "isDeleted":"true", "size":"0", "version":"1781938554068"}}
{"logTime": "0620/065651", "correlationVector":"p/FwEtheP6yvvaGOGLFZey.2","action":"Commit Response", "result":"Success", "context":Result: Success. cV=p/FwEtheP6yvvaGOGLFZey.0;server=akswtt11500002d;cloudType=Consumer;environment=Prod_francecentral_prod-s01-062-eur-francecentral;migrationStage=NotStarted}
{"logTime": "0620/065754", "correlationVector":"IXdNKmQ1OVYYyVNru0EUGW","action":"Normal GetUpdate request", "result":"", "context":cV=IXdNKmQ1OVYYyVNru0EUGW
Nudged types: Sessions, History
Refresh requested types: Bookmarks, Preferences, Passwords, Autofill Profiles, Autofill, Extensions, Sessions, Extension settings, History Delete Directives, Device Info, User Consents, Send Tab To Self, Web Apps, History, Saved Tab Group, WebAuthn Credentials, Collection, Edge E Drop, Edge Hub App Usage, Edge Wallet, Edge Workspace, Encryption Keys}
{"logTime": "0620/065755", "correlationVector":"IXdNKmQ1OVYYyVNru0EUGW.1","action":"SyncServerConnectionManagerRequest", "result":"SYNC_SERVER_OK", "context":{"environment":"Prod_francecentral_prod-s01-062-eur-francecentral", "migrationStage":"NotStarted", "server":"akswtt11500002o"}}
{"logTime": "0620/065755", "correlationVector":"IXdNKmQ1OVYYyVNru0EUGW.2","action":"ProcessGetUpdates", "result":"Done", "context":{"dataType":"Preferences", "deleted":"0", "process_failed_to_decrypt":"0", "process_pending_decryption":"0", "process_success":"1", "total":"1"}}
{"logTime": "0620/065755", "correlationVector":"IXdNKmQ1OVYYyVNru0EUGW.3","action":"ProcessGetUpdates", "result":"Done", "context":{"dataType":"Sessions", "deleted":"1", "process_failed_to_decrypt":"0", "process_pending_decryption":"0", "process_success":"3", "total":"3"}}
{"logTime": "0620/065755", "correlationVector":"IXdNKmQ1OVYYyVNru0EUGW.4","action":"ProcessGetUpdates", "result":"Done", "context":{"dataType":"History", "deleted":"0", "process_failed_to_decrypt":"0", "process_pending_decryption":"0", "process_success":"2", "total":"2"}}
{"logTime": "0620/065755", "correlationVector":"IXdNKmQ1OVYYyVNru0EUGW.5","action":"GetUpdates Response", "result":"Success", "context":Received 6 update(s). cV=IXdNKmQ1OVYYyVNru0EUGW.0;server=akswtt11500002o;cloudType=Consumer;environment=Prod_francecentral_prod-s01-062-eur-francecentral;migrationStage=NotStarted}
{"logTime": "0620/065755", "correlationVector":"hlt+hWfnW525/GWgZwdj9U","action":"Commit Request", "result":"", "context":Item count: 6
Contributing types: Sessions, History}
{"logTime": "0620/065756", "correlationVector":"hlt+hWfnW525/GWgZwdj9U.1","action":"SyncServerConnectionManagerRequest", "result":"SYNC_SERVER_OK", "context":{"environment":"Prod_francecentral_prod-s01-062-eur-francecentral", "migrationStage":"NotStarted", "server":"akswtt11500002h"}}
{"logTime": "0620/065756", "correlationVector":"hlt+hWfnW525/GWgZwdj9U.2","action":"Commit Response", "result":"Success", "context":Result: Success. cV=hlt+hWfnW525/GWgZwdj9U.0;server=akswtt11500002h;cloudType=Consumer;environment=Prod_francecentral_prod-s01-062-eur-francecentral;migrationStage=NotStarted}
{"logTime": "0620/070521", "correlationVector":"cVj62ICzHoSZos34dOcUlC","action":"Normal GetUpdate request", "result":"", "context":cV=cVj62ICzHoSZos34dOcUlC
Nudged types: Sessions, History
Refresh requested types: Bookmarks, Preferences, Passwords, Autofill Profiles, Autofill, Extensions, Sessions, Extension settings, History Delete Directives, Device Info, User Consents, Send Tab To Self, Web Apps, History, Saved Tab Group, WebAuthn Credentials, Collection, Edge E Drop, Edge Hub App Usage, Edge Wallet, Edge Workspace, Encryption Keys}
{"logTime": "0620/070522", "correlationVector":"cVj62ICzHoSZos34dOcUlC.1","action":"SyncServerConnectionManagerRequest", "result":"SYNC_SERVER_OK", "context":{"environment":"Prod_francecentral_prod-s01-062-eur-francecentral", "migrationStage":"NotStarted", "server":"akswtt11500001t"}}
{"logTime": "0620/070522", "correlationVector":"cVj62ICzHoSZos34dOcUlC.2","action":"ProcessGetUpdates", "result":"Done", "context":{"dataType":"Sessions", "deleted":"0", "process_failed_to_decrypt":"0", "process_pending_decryption":"0", "process_success":"3", "total":"3"}}
{"logTime": "0620/070522", "correlationVector":"cVj62ICzHoSZos34dOcUlC.3","action":"ProcessGetUpdates", "result":"Done", "context":{"dataType":"History", "deleted":"0", "process_failed_to_decrypt":"0", "process_pending_decryption":"0", "process_success":"3", "total":"3"}}
{"logTime": "0620/070522", "correlationVector":"cVj62ICzHoSZos34dOcUlC.4","action":"GetUpdates Response", "result":"Success", "context":Received 6 update(s). cV=cVj62ICzHoSZos34dOcUlC.0;server=akswtt11500001t;cloudType=Consumer;environment=Prod_francecentral_prod-s01-062-eur-francecentral;migrationStage=NotStarted}
{"logTime": "0620/070522", "correlationVector":"r36j8+RA4/xPm5V0yaZi4W","action":"Commit Request", "result":"", "context":Item count: 7
Contributing types: Sessions, History}
{"logTime": "0620/070523", "correlationVector":"r36j8+RA4/xPm5V0yaZi4W.1","action":"SyncServerConnectionManagerRequest", "result":"SYNC_SERVER_OK", "context":{"environment":"Prod_francecentral_prod-s01-062-eur-francecentral", "migrationStage":"NotStarted", "server":"akswtt11500002n"}}
{"logTime": "0620/070523", "correlationVector":"r36j8+RA4/xPm5V0yaZi4W.2","action":"Commit Response", "result":"Success", "context":Result: Success. cV=r36j8+RA4/xPm5V0yaZi4W.0;server=akswtt11500002n;cloudType=Consumer;environment=Prod_francecentral_prod-s01-062-eur-francecentral;migrationStage=NotStarted}
{"logTime": "0620/070638", "correlationVector":"Aw5uliOJnBbsq/Q777VESY","action":"Normal GetUpdate request", "result":"", "context":cV=Aw5uliOJnBbsq/Q777VESY
Nudged types: Sessions, History
Refresh requested types: Bookmarks, Preferences, Passwords, Autofill Profiles, Autofill, Extensions, Sessions, Extension settings, History Delete Directives, Device Info, User Consents, Send Tab To Self, Web Apps, History, Saved Tab Group, WebAuthn Credentials, Collection, Edge E Drop, Edge Hub App Usage, Edge Wallet, Edge Workspace, Encryption Keys}
{"logTime": "0620/070638", "correlationVector":"Aw5uliOJnBbsq/Q777VESY.1","action":"SyncServerConnectionManagerRequest", "result":"SYNC_SERVER_OK", "context":{"environment":"Prod_francecentral_prod-s01-062-eur-francecentral", "migrationStage":"NotStarted", "server":"akswtt115000035"}}
{"logTime": "0620/070638", "correlationVector":"Aw5uliOJnBbsq/Q777VESY.2","action":"ProcessGetUpdates", "result":"Done", "context":{"dataType":"Sessions", "deleted":"0", "process_failed_to_decrypt":"0", "process_pending_decryption":"0", "process_success":"3", "total":"3"}}
{"logTime": "0620/070638", "correlationVector":"Aw5uliOJnBbsq/Q777VESY.3","action":"ProcessGetUpdates", "result":"Done", "context":{"dataType":"History", "deleted":"0", "process_failed_to_decrypt":"0", "process_pending_decryption":"0", "process_success":"4", "total":"4"}}
{"logTime": "0620/070638", "correlationVector":"Aw5uliOJnBbsq/Q777VESY.4","action":"GetUpdates Response", "result":"Success", "context":Received 7 update(s). cV=Aw5uliOJnBbsq/Q777VESY.0;server=akswtt115000035;cloudType=Consumer;environment=Prod_francecentral_prod-s01-062-eur-francecentral;migrationStage=NotStarted}
{"logTime": "0620/070639", "correlationVector":"FNhC1lVBxzgxo1LzDwUVkG","action":"Commit Request", "result":"", "context":Item count: 8
Contributing types: Sessions, History}
{"logTime": "0620/070639", "correlationVector":"FNhC1lVBxzgxo1LzDwUVkG.1","action":"SyncServerConnectionManagerRequest", "result":"SYNC_SERVER_OK", "context":{"environment":"Prod_francecentral_prod-s01-062-eur-francecentral", "migrationStage":"NotStarted", "server":"akswtt11500003b"}}
{"logTime": "0620/070639", "correlationVector":"FNhC1lVBxzgxo1LzDwUVkG.2","action":"Commit Response", "result":"Success", "context":Result: Success. cV=FNhC1lVBxzgxo1LzDwUVkG.0;server=akswtt11500003b;cloudType=Consumer;environment=Prod_francecentral_prod-s01-062-eur-francecentral;migrationStage=NotStarted}
{"logTime": "0620/083625", "correlationVector":"VF/ZkC6ZAqd7JVFGXP+tSq","action":"Normal GetUpdate request", "result":"", "context":cV=VF/ZkC6ZAqd7JVFGXP+tSq
Nudged types: Sessions, History
Refresh requested types: Bookmarks, Preferences, Passwords, Autofill Profiles, Autofill, Extensions, Sessions, Extension settings, History Delete Directives, Device Info, User Consents, Send Tab To Self, Web Apps, History, Saved Tab Group, WebAuthn Credentials, Collection, Edge E Drop, Edge Hub App Usage, Edge Wallet, Edge Workspace, Encryption Keys}
{"logTime": "0620/083625", "correlationVector":"VF/ZkC6ZAqd7JVFGXP+tSq.1","action":"SyncServerConnectionManagerRequest", "result":"SYNC_SERVER_OK", "context":{"environment":"Prod_francecentral_prod-s01-062-eur-francecentral", "migrationStage":"NotStarted", "server":"akswtt11500001r"}}
{"logTime": "0620/083625", "correlationVector":"VF/ZkC6ZAqd7JVFGXP+tSq.2","action":"ProcessGetUpdates", "result":"Done", "context":{"dataType":"Sessions", "deleted":"0", "process_failed_to_decrypt":"0", "process_pending_decryption":"0", "process_success":"3", "total":"3"}}
{"logTime": "0620/083625", "correlationVector":"VF/ZkC6ZAqd7JVFGXP+tSq.3","action":"ProcessGetUpdates", "result":"Done", "context":{"dataType":"History", "deleted":"0", "process_failed_to_decrypt":"0", "process_pending_decryption":"0", "process_success":"5", "total":"5"}}
{"logTime": "0620/083625", "correlationVector":"VF/ZkC6ZAqd7JVFGXP+tSq.4","action":"GetUpdates Response", "result":"Success", "context":Received 8 update(s). cV=VF/ZkC6ZAqd7JVFGXP+tSq.0;server=akswtt11500001r;cloudType=Consumer;environment=Prod_francecentral_prod-s01-062-eur-francecentral;migrationStage=NotStarted}
{"logTime": "0620/083626", "correlationVector":"iRsf+Go9RT62dBvAQCEn1b","action":"Commit Request", "result":"", "context":Item count: 7
Contributing types: Sessions, History}
{"logTime": "0620/083626", "correlationVector":"iRsf+Go9RT62dBvAQCEn1b.1","action":"SyncServerConnectionManagerRequest", "result":"SYNC_SERVER_OK", "context":{"environment":"Prod_francecentral_prod-s01-062-eur-francecentral", "migrationStage":"NotStarted", "server":"akswtt11500001v"}}
{"logTime": "0620/083626", "correlationVector":"iRsf+Go9RT62dBvAQCEn1b.3","action":"Commit.Sessions", "result":"Success", "context":{"id":"453d3b02-a0d3-4d7c-bd12-eae5d1409dd2", "isDeleted":"true", "size":"0", "version":"1781939198896"}}
{"logTime": "0620/083626", "correlationVector":"iRsf+Go9RT62dBvAQCEn1b.2","action":"Commit Response", "result":"Success", "context":Result: Success. cV=iRsf+Go9RT62dBvAQCEn1b.0;server=akswtt11500001v;cloudType=Consumer;environment=Prod_francecentral_prod-s01-062-eur-francecentral;migrationStage=NotStarted}
{"logTime": "0620/083757", "correlationVector":"OPPLfnpmCAfc9NEt7iztzd","action":"Normal GetUpdate request", "result":"", "context":cV=OPPLfnpmCAfc9NEt7iztzd
Nudged types: Sessions, History
Refresh requested types: Bookmarks, Preferences, Passwords, Autofill Profiles, Autofill, Extensions, Sessions, Extension settings, History Delete Directives, Device Info, User Consents, Send Tab To Self, Web Apps, History, Saved Tab Group, WebAuthn Credentials, Collection, Edge E Drop, Edge Hub App Usage, Edge Wallet, Edge Workspace, Encryption Keys}
{"logTime": "0620/083758", "correlationVector":"OPPLfnpmCAfc9NEt7iztzd.1","action":"SyncServerConnectionManagerRequest", "result":"SYNC_SERVER_OK", "context":{"environment":"Prod_francecentral_prod-s01-062-eur-francecentral", "migrationStage":"NotStarted", "server":"akswtt115000036"}}
{"logTime": "0620/083758", "correlationVector":"OPPLfnpmCAfc9NEt7iztzd.2","action":"ProcessGetUpdates", "result":"Done", "context":{"dataType":"Sessions", "deleted":"1", "process_failed_to_decrypt":"0", "process_pending_decryption":"0", "process_success":"3", "total":"3"}}
{"logTime": "0620/083758", "correlationVector":"OPPLfnpmCAfc9NEt7iztzd.3","action":"ProcessGetUpdates", "result":"Done", "context":{"dataType":"History", "deleted":"0", "process_failed_to_decrypt":"0", "process_pending_decryption":"0", "process_success":"4", "total":"4"}}
{"logTime": "0620/083758", "correlationVector":"OPPLfnpmCAfc9NEt7iztzd.4","action":"GetUpdates Response", "result":"Success", "context":Received 7 update(s). cV=OPPLfnpmCAfc9NEt7iztzd.0;server=akswtt115000036;cloudType=Consumer;environment=Prod_francecentral_prod-s01-062-eur-francecentral;migrationStage=NotStarted}
{"logTime": "0620/083758", "correlationVector":"VWQZIjTxAOyOHjqvyhifR6","action":"Commit Request", "result":"", "context":Item count: 8
Contributing types: Sessions, History}
{"logTime": "0620/083759", "correlationVector":"VWQZIjTxAOyOHjqvyhifR6.1","action":"SyncServerConnectionManagerRequest", "result":"SYNC_SERVER_OK", "context":{"environment":"Prod_francecentral_prod-s01-062-eur-francecentral", "migrationStage":"NotStarted", "server":"akswtt11500002o"}}
{"logTime": "0620/083759", "correlationVector":"VWQZIjTxAOyOHjqvyhifR6.2","action":"Commit Response", "result":"Success", "context":Result: Success. cV=VWQZIjTxAOyOHjqvyhifR6.0;server=akswtt11500002o;cloudType=Consumer;environment=Prod_francecentral_prod-s01-062-eur-francecentral;migrationStage=NotStarted}
