2026-06-20 06:55:21.182: [INFO][Sync] Reset engine, reason: 8
2026-06-20 06:55:21.182: [INFO][Sync] Stopped: Bookmarks
2026-06-20 06:55:21.182: [INFO][Sync] Stopped: Preferences
2026-06-20 06:55:21.182: [INFO][Sync] Stopped: Passwords
2026-06-20 06:55:21.182: [INFO][Sync] Stopped: Autofill Profiles
2026-06-20 06:55:21.182: [INFO][Sync] Stopped: Autofill
2026-06-20 06:55:21.182: [INFO][Sync] Stopped: Extensions
2026-06-20 06:55:21.182: [INFO][Sync] Stopped: Sessions
2026-06-20 06:55:21.182: [INFO][Sync] Stopped: Extension settings
2026-06-20 06:55:21.182: [INFO][Sync] Stopped: History Delete Directives
2026-06-20 06:55:21.182: [INFO][Sync] Stopped: Device Info
2026-06-20 06:55:21.182: [INFO][Sync] Stopped: User Consents
2026-06-20 06:55:21.182: [INFO][Sync] Stopped: Send Tab To Self
2026-06-20 06:55:21.182: [INFO][Sync] Stopped: Web Apps
2026-06-20 06:55:21.182: [INFO][Sync] Stopped: History
2026-06-20 06:55:21.182: [INFO][Sync] Stopped: Saved Tab Group
2026-06-20 06:55:21.182: [INFO][Sync] Stopped: WebAuthn Credentials
2026-06-20 06:55:21.182: [INFO][Sync] Stopped: Collection
2026-06-20 06:55:21.182: [INFO][Sync] Stopped: Edge E Drop
2026-06-20 06:55:21.182: [INFO][Sync] Stopped: Edge Hub App Usage
2026-06-20 06:55:21.182: [INFO][Sync] Stopped: Edge Wallet
2026-06-20 06:55:21.182: [INFO][Sync] Stopped: Edge Workspace
2026-06-20 06:55:21.182: [INFO][Sync] SyncState after authenticated was: NotSignedIn
2026-06-20 06:55:24.060: [INFO][Sync] Reset engine, reason: 8
2026-06-20 06:55:24.060: [INFO][Sync] Stopped: Bookmarks
2026-06-20 06:55:24.060: [INFO][Sync] Stopped: Preferences
2026-06-20 06:55:24.060: [INFO][Sync] Stopped: Passwords
2026-06-20 06:55:24.060: [INFO][Sync] Stopped: Autofill Profiles
2026-06-20 06:55:24.060: [INFO][Sync] Stopped: Autofill
2026-06-20 06:55:24.060: [INFO][Sync] Stopped: Extensions
2026-06-20 06:55:24.060: [INFO][Sync] Stopped: Sessions
2026-06-20 06:55:24.060: [INFO][Sync] Stopped: Extension settings
2026-06-20 06:55:24.060: [INFO][Sync] Stopped: History Delete Directives
2026-06-20 06:55:24.060: [INFO][Sync] Stopped: Device Info
2026-06-20 06:55:24.060: [INFO][Sync] Stopped: User Consents
2026-06-20 06:55:24.060: [INFO][Sync] Stopped: Send Tab To Self
2026-06-20 06:55:24.060: [INFO][Sync] Stopped: Web Apps
2026-06-20 06:55:24.060: [INFO][Sync] Stopped: History
2026-06-20 06:55:24.060: [INFO][Sync] Stopped: Saved Tab Group
2026-06-20 06:55:24.060: [INFO][Sync] Stopped: WebAuthn Credentials
2026-06-20 06:55:24.060: [INFO][Sync] Stopped: Collection
2026-06-20 06:55:24.060: [INFO][Sync] Stopped: Edge E Drop
2026-06-20 06:55:24.060: [INFO][Sync] Stopped: Edge Hub App Usage
2026-06-20 06:55:24.060: [INFO][Sync] Stopped: Edge Wallet
2026-06-20 06:55:24.060: [INFO][Sync] Stopped: Edge Workspace
2026-06-20 06:55:26.741: [INFO][Sync] Try to start sync engine
2026-06-20 06:55:26.743: [INFO][SyncManagerImpl::NudgeForInitialDownload] Initial download nudge for Encryption Keys
2026-06-20 06:55:26.743: [INFO][SyncEngineBackend::LoadAndConnectNigoriController] Load and connect Nigori controller
2026-06-20 06:55:26.743: [INFO][SyncEngineBackend::DoInitialize] Control Types added: Encryption Keys
2026-06-20 06:55:26.743: [INFO][SyncManagerImpl::ConfigureSyncer] Types to download: Encryption Keys with reason: 3
2026-06-20 06:55:26.743: [INFO][SyncSchedulerImpl::DoConfigurationSyncCycleJob] Configure job was blocked
2026-06-20 06:55:27.522: [INFO][SyncAuthManager::SetLastAuthError] Current auth error: None
2026-06-20 06:55:27.522: [INFO][SyncAuthManager::EdgeLogTokenErrorState] Token error with: None for account type: MSA
2026-06-20 06:55:27.522: [INFO][Sync] Credentials changed for: EdgeSyncKeyDataScope
2026-06-20 06:55:27.523: [INFO][SyncEngineBackend::DoUpdateKeyDataCredentials] Update key data credentials
2026-06-20 06:55:27.855: [INFO][SyncAuthManager::SetLastAuthError] Current auth error: None
2026-06-20 06:55:27.855: [INFO][SyncAuthManager::EdgeLogTokenErrorState] Token error with: None for account type: MSA
2026-06-20 06:55:27.855: [INFO][Sync] Credentials changed for: EdgeSyncScopeNew
2026-06-20 06:55:27.855: [INFO][SyncEngineBackend::DoUpdateCredentials] Update credentials
2026-06-20 06:55:27.855: [INFO][SyncEngineBackend::DoUpdateKeyDataCredentials] Update key data credentials
2026-06-20 06:55:27.855: [INFO][SyncSchedulerImpl::DoConfigurationSyncCycleJob] Blocked types:  and types to download: Encryption Keys
2026-06-20 06:55:28.415: [INFO][Sync] Started DataTypeManager configuration, reason: 4
2026-06-20 06:55:28.415: [INFO][Sync] Configuring for: Bookmarks, Preferences, Passwords, Autofill Profiles, Autofill, Extensions, Sessions, Extension settings, History Delete Directives, Device Info, User Consents, Send Tab To Self, Web Apps, History, Saved Tab Group, WebAuthn Credentials, Collection, Edge E Drop, Edge Hub App Usage, Edge Wallet, Edge Workspace, Encryption Keys, reason: 3, current state: 0
2026-06-20 06:55:28.415: [WARN][Sync] Crypto error data types: Passwords, Autofill Profiles, Autofill
2026-06-20 06:55:28.419: [INFO][Sync] Configure, desired: Bookmarks, Preferences, Extensions, Sessions, Extension settings, History Delete Directives, Device Info, User Consents, Send Tab To Self, Web Apps, History, Saved Tab Group, WebAuthn Credentials, Collection, Edge E Drop, Edge Hub App Usage, Edge Wallet, Edge Workspace, Encryption Keys; Allow fail: Passwords, Autofill Profiles, Autofill
2026-06-20 06:55:28.419: [INFO][Sync] Loading: Bookmarks
2026-06-20 06:55:28.419: [INFO][Sync] Loading: Preferences
2026-06-20 06:55:28.419: [INFO][Sync] Loading: Extensions
2026-06-20 06:55:28.419: [INFO][Sync] Loading: Sessions
2026-06-20 06:55:28.419: [INFO][Sync] Loading: Extension settings
2026-06-20 06:55:28.419: [INFO][Sync] Loading: History Delete Directives
2026-06-20 06:55:28.419: [INFO][Sync] Loading: Device Info
2026-06-20 06:55:28.419: [INFO][Sync] Loading: User Consents
2026-06-20 06:55:28.419: [INFO][Sync] Loading: Send Tab To Self
2026-06-20 06:55:28.419: [INFO][Sync] Loading: Web Apps
2026-06-20 06:55:28.419: [INFO][Sync] Loading: History
2026-06-20 06:55:28.419: [INFO][Sync] Loading: Saved Tab Group
2026-06-20 06:55:28.419: [INFO][Sync] Loading: WebAuthn Credentials
2026-06-20 06:55:28.419: [INFO][Sync] Loading: Collection
2026-06-20 06:55:28.419: [INFO][Sync] Loading: Edge E Drop
2026-06-20 06:55:28.419: [INFO][Sync] Loading: Edge Hub App Usage
2026-06-20 06:55:28.419: [INFO][Sync] Loading: Edge Wallet
2026-06-20 06:55:28.419: [INFO][Sync] Loading: Edge Workspace
2026-06-20 06:55:29.055: [INFO][Sync] Started DataTypeManager configuration, reason: 5
2026-06-20 06:55:29.055: [INFO][Sync] Configuring for: Bookmarks, Preferences, Passwords, Autofill Profiles, Autofill, Extensions, Sessions, Extension settings, History Delete Directives, Device Info, User Consents, Send Tab To Self, Web Apps, History, Saved Tab Group, WebAuthn Credentials, Collection, Edge E Drop, Edge Hub App Usage, Edge Wallet, Edge Workspace, Encryption Keys, reason: 5, current state: 1
2026-06-20 06:55:29.070: [INFO][SyncEngineBackend::DoStartConfiguration] Start configuration
2026-06-20 06:55:30.019: [INFO][Sync] Configuring for: Bookmarks, Preferences, Passwords, Autofill Profiles, Autofill, Extensions, Sessions, Extension settings, History Delete Directives, Device Info, User Consents, Send Tab To Self, Web Apps, History, Saved Tab Group, WebAuthn Credentials, Collection, Edge E Drop, Edge Hub App Usage, Edge Wallet, Edge Workspace, Encryption Keys, reason: 5, current state: 2
2026-06-20 06:55:30.019: [INFO][Sync] Configure, desired: Bookmarks, Preferences, Passwords, Autofill Profiles, Autofill, Extensions, Sessions, Extension settings, History Delete Directives, Device Info, User Consents, Send Tab To Self, Web Apps, History, Saved Tab Group, WebAuthn Credentials, Collection, Edge E Drop, Edge Hub App Usage, Edge Wallet, Edge Workspace, Encryption Keys; Allow fail: 
2026-06-20 06:55:30.019: [INFO][Sync] Loading: Passwords
2026-06-20 06:55:30.019: [INFO][Sync] Loading: Autofill Profiles
2026-06-20 06:55:30.019: [INFO][Sync] Loading: Autofill
2026-06-20 06:55:30.019: [INFO][Sync] All data types are ready for configure.
2026-06-20 06:55:30.019: [INFO][SyncManagerImpl::NudgeForInitialDownload] Initial download nudge for Bookmarks
2026-06-20 06:55:30.019: [INFO][SyncManagerImpl::NudgeForInitialDownload] Initial download nudge for Preferences
2026-06-20 06:55:30.020: [INFO][SyncManagerImpl::NudgeForInitialDownload] Initial download nudge for Passwords
2026-06-20 06:55:30.020: [INFO][SyncManagerImpl::NudgeForInitialDownload] Initial download nudge for Autofill Profiles
2026-06-20 06:55:30.020: [INFO][SyncManagerImpl::NudgeForInitialDownload] Initial download nudge for Autofill
2026-06-20 06:55:30.020: [INFO][SyncManagerImpl::NudgeForInitialDownload] Initial download nudge for Extensions
2026-06-20 06:55:30.020: [INFO][SyncManagerImpl::NudgeForInitialDownload] Initial download nudge for Sessions
2026-06-20 06:55:30.020: [INFO][SyncManagerImpl::NudgeForInitialDownload] Initial download nudge for Extension settings
2026-06-20 06:55:30.020: [INFO][SyncManagerImpl::NudgeForInitialDownload] Initial download nudge for History Delete Directives
2026-06-20 06:55:30.020: [INFO][SyncManagerImpl::NudgeForInitialDownload] Initial download nudge for Device Info
2026-06-20 06:55:30.020: [INFO][SyncManagerImpl::NudgeForInitialDownload] Initial download nudge for Send Tab To Self
2026-06-20 06:55:30.020: [INFO][SyncManagerImpl::NudgeForInitialDownload] Initial download nudge for Web Apps
2026-06-20 06:55:30.020: [INFO][SyncManagerImpl::NudgeForInitialDownload] Initial download nudge for History
2026-06-20 06:55:30.020: [INFO][SyncManagerImpl::NudgeForInitialDownload] Initial download nudge for Saved Tab Group
2026-06-20 06:55:30.020: [INFO][SyncManagerImpl::NudgeForInitialDownload] Initial download nudge for WebAuthn Credentials
2026-06-20 06:55:30.020: [INFO][SyncManagerImpl::NudgeForInitialDownload] Initial download nudge for Collection
2026-06-20 06:55:30.020: [INFO][SyncManagerImpl::NudgeForInitialDownload] Initial download nudge for Edge E Drop
2026-06-20 06:55:30.020: [INFO][SyncManagerImpl::NudgeForInitialDownload] Initial download nudge for Edge Hub App Usage
2026-06-20 06:55:30.020: [INFO][SyncManagerImpl::NudgeForInitialDownload] Initial download nudge for Edge Wallet
2026-06-20 06:55:30.020: [INFO][SyncManagerImpl::NudgeForInitialDownload] Initial download nudge for Edge Workspace
2026-06-20 06:55:30.020: [INFO][SyncManagerImpl::ConfigureSyncer] Types to download:  with reason: 5
2026-06-20 06:55:30.020: [INFO][SyncEngineBackend::DoFinishConfigureDataTypes] Failed to download types:  and succeeded types: 
2026-06-20 06:55:30.020: [INFO][Sync] ConfigurationDone, failed: , succeeded: , remaining count: 4
2026-06-20 06:55:30.020: [INFO][Sync] Prepare to configure types: Preferences, Passwords, Device Info, Send Tab To Self, Edge E Drop, Encryption Keys
2026-06-20 06:55:30.021: [INFO][SyncManagerImpl::ConfigureSyncer] Types to download: Preferences, Passwords, Device Info, Send Tab To Self, Edge E Drop, Encryption Keys with reason: 5
2026-06-20 06:55:30.021: [INFO][SyncSchedulerImpl::DoConfigurationSyncCycleJob] Blocked types:  and types to download: Preferences, Passwords, Device Info, Send Tab To Self, Edge E Drop, Encryption Keys
2026-06-20 06:55:30.383: [INFO][SyncEngineBackend::DoFinishConfigureDataTypes] Failed to download types:  and succeeded types: Preferences, Passwords, Device Info, Send Tab To Self, Edge E Drop, Encryption Keys
2026-06-20 06:55:30.385: [INFO][Sync] ConfigurationDone, failed: , succeeded: Preferences, Passwords, Device Info, Send Tab To Self, Edge E Drop, Encryption Keys, remaining count: 3
2026-06-20 06:55:30.385: [INFO][Sync] Prepare to configure types: Bookmarks, Encryption Keys
2026-06-20 06:55:30.385: [INFO][SyncManagerImpl::ConfigureSyncer] Types to download: Bookmarks, Encryption Keys with reason: 5
2026-06-20 06:55:30.385: [INFO][SyncSchedulerImpl::DoConfigurationSyncCycleJob] Blocked types:  and types to download: Bookmarks, Encryption Keys
2026-06-20 06:55:30.833: [INFO][SyncEngineBackend::DoFinishConfigureDataTypes] Failed to download types:  and succeeded types: Bookmarks, Encryption Keys
2026-06-20 06:55:30.835: [INFO][Sync] ConfigurationDone, failed: , succeeded: Bookmarks, Encryption Keys, remaining count: 2
2026-06-20 06:55:30.835: [INFO][Sync] Prepare to configure types: Autofill Profiles, Autofill, Extensions, Sessions, Extension settings, History Delete Directives, Web Apps, Saved Tab Group, WebAuthn Credentials, Collection, Edge Hub App Usage, Edge Wallet, Edge Workspace, Encryption Keys
2026-06-20 06:55:30.835: [INFO][SyncManagerImpl::ConfigureSyncer] Types to download: Autofill Profiles, Autofill, Extensions, Sessions, Extension settings, History Delete Directives, Web Apps, Saved Tab Group, WebAuthn Credentials, Collection, Edge Hub App Usage, Edge Wallet, Edge Workspace, Encryption Keys with reason: 5
2026-06-20 06:55:30.835: [INFO][SyncSchedulerImpl::DoConfigurationSyncCycleJob] Blocked types:  and types to download: Autofill Profiles, Autofill, Extensions, Sessions, Extension settings, History Delete Directives, Web Apps, Saved Tab Group, WebAuthn Credentials, Collection, Edge Hub App Usage, Edge Wallet, Edge Workspace, Encryption Keys
2026-06-20 06:55:31.219: [INFO][SyncEngineBackend::DoFinishConfigureDataTypes] Failed to download types:  and succeeded types: Autofill Profiles, Autofill, Extensions, Sessions, Extension settings, History Delete Directives, Web Apps, Saved Tab Group, WebAuthn Credentials, Collection, Edge Hub App Usage, Edge Wallet, Edge Workspace, Encryption Keys
2026-06-20 06:55:31.222: [INFO][Sync] ConfigurationDone, failed: , succeeded: Autofill Profiles, Autofill, Extensions, Sessions, Extension settings, History Delete Directives, Web Apps, Saved Tab Group, WebAuthn Credentials, Collection, Edge Hub App Usage, Edge Wallet, Edge Workspace, Encryption Keys, remaining count: 1
2026-06-20 06:55:31.224: [INFO][Sync] Prepare to configure types: History, Encryption Keys
2026-06-20 06:55:31.224: [INFO][SyncManagerImpl::ConfigureSyncer] Types to download: History, Encryption Keys with reason: 5
2026-06-20 06:55:31.224: [INFO][SyncSchedulerImpl::DoConfigurationSyncCycleJob] Blocked types:  and types to download: History, Encryption Keys
2026-06-20 06:55:31.711: [INFO][SyncEngineBackend::DoFinishConfigureDataTypes] Failed to download types:  and succeeded types: History, Encryption Keys
2026-06-20 06:55:31.715: [INFO][Sync] ConfigurationDone, failed: , succeeded: History, Encryption Keys, remaining count: 0
2026-06-20 06:55:31.719: [INFO][Sync]     Configuration completed, state: 7
2026-06-20 06:55:31.720: [INFO][Sync] Configured DataTypeManager: Ok
2026-06-20 06:55:31.725: [INFO][SyncEngineBackend::DoStartSyncing] Start syncing
2026-06-20 06:55:57.636: [INFO][Sync] Reset engine, reason: 0
2026-06-20 06:55:57.636: [INFO][Sync] Reset engine with reason: 0
2026-06-20 06:56:49.684: [INFO][Sync] SyncState after authenticated was: FeatureCanStart
2026-06-20 06:56:50.147: [INFO][SyncAuthManager::SetLastAuthError] Current auth error: None
2026-06-20 06:56:50.148: [INFO][SyncAuthManager::EdgeLogTokenErrorState] Token error with: None for account type: MSA
2026-06-20 06:56:50.148: [INFO][Sync] Credentials changed for: EdgeSyncKeyDataScope
2026-06-20 06:56:50.579: [INFO][Sync] Try to start sync engine
2026-06-20 06:56:50.594: [INFO][SyncAuthManager::SetLastAuthError] Current auth error: None
2026-06-20 06:56:50.594: [INFO][SyncAuthManager::EdgeLogTokenErrorState] Token error with: None for account type: MSA
2026-06-20 06:56:50.594: [INFO][Sync] Credentials changed for: EdgeSyncScopeNew
2026-06-20 06:56:50.597: [INFO][SyncEngineBackend::LoadAndConnectNigoriController] Load and connect Nigori controller
2026-06-20 06:56:50.597: [INFO][SyncEngineBackend::DoInitialize] Control Types added: 
2026-06-20 06:56:50.597: [INFO][SyncManagerImpl::ConfigureSyncer] Types to download:  with reason: 4
2026-06-20 06:56:50.597: [INFO][SyncEngineBackend::DoUpdateKeyDataCredentials] Update key data credentials
2026-06-20 06:56:50.597: [INFO][SyncEngineBackend::DoUpdateCredentials] Update credentials
2026-06-20 06:56:50.597: [INFO][SyncEngineBackend::DoUpdateKeyDataCredentials] Update key data credentials
2026-06-20 06:56:50.608: [INFO][Sync] Started DataTypeManager configuration, reason: 4
2026-06-20 06:56:50.608: [INFO][Sync] Configuring for: Bookmarks, Preferences, Passwords, Autofill Profiles, Autofill, Extensions, Sessions, Extension settings, History Delete Directives, Device Info, User Consents, Send Tab To Self, Web Apps, History, Saved Tab Group, WebAuthn Credentials, Collection, Edge E Drop, Edge Hub App Usage, Edge Wallet, Edge Workspace, Encryption Keys, reason: 4, current state: 0
2026-06-20 06:56:50.608: [INFO][SyncEngineBackend::DoStartConfiguration] Start configuration
2026-06-20 06:56:50.615: [INFO][Sync] Configure, desired: Bookmarks, Preferences, Passwords, Autofill Profiles, Autofill, Extensions, Sessions, Extension settings, History Delete Directives, Device Info, User Consents, Send Tab To Self, Web Apps, History, Saved Tab Group, WebAuthn Credentials, Collection, Edge E Drop, Edge Hub App Usage, Edge Wallet, Edge Workspace, Encryption Keys; Allow fail: 
2026-06-20 06:56:50.615: [INFO][Sync] Loading: Bookmarks
2026-06-20 06:56:50.615: [INFO][Sync] Loading: Preferences
2026-06-20 06:56:50.615: [INFO][Sync] Loading: Passwords
2026-06-20 06:56:50.615: [INFO][Sync] Loading: Autofill Profiles
2026-06-20 06:56:50.615: [INFO][Sync] Loading: Autofill
2026-06-20 06:56:50.615: [INFO][Sync] Loading: Extensions
2026-06-20 06:56:50.615: [INFO][Sync] Loading: Sessions
2026-06-20 06:56:50.615: [INFO][Sync] Loading: Extension settings
2026-06-20 06:56:50.615: [INFO][Sync] Loading: History Delete Directives
2026-06-20 06:56:50.615: [INFO][Sync] Loading: Device Info
2026-06-20 06:56:50.615: [INFO][Sync] Loading: User Consents
2026-06-20 06:56:50.615: [INFO][Sync] Loading: Send Tab To Self
2026-06-20 06:56:50.615: [INFO][Sync] Loading: Web Apps
2026-06-20 06:56:50.615: [INFO][Sync] Loading: History
2026-06-20 06:56:50.615: [INFO][Sync] Loading: Saved Tab Group
2026-06-20 06:56:50.615: [INFO][Sync] Loading: WebAuthn Credentials
2026-06-20 06:56:50.615: [INFO][Sync] Loading: Collection
2026-06-20 06:56:50.615: [INFO][Sync] Loading: Edge E Drop
2026-06-20 06:56:50.615: [INFO][Sync] Loading: Edge Hub App Usage
2026-06-20 06:56:50.615: [INFO][Sync] Loading: Edge Wallet
2026-06-20 06:56:50.615: [INFO][Sync] Loading: Edge Workspace
2026-06-20 06:56:50.624: [INFO][Sync] All data types are ready for configure.
2026-06-20 06:56:50.624: [INFO][SyncManagerImpl::ConfigureSyncer] Types to download:  with reason: 4
2026-06-20 06:56:50.624: [INFO][SyncEngineBackend::DoFinishConfigureDataTypes] Failed to download types:  and succeeded types: 
2026-06-20 06:56:50.627: [INFO][Sync] ConfigurationDone, failed: , succeeded: , remaining count: 4
2026-06-20 06:56:50.628: [INFO][SyncManagerImpl::ConfigureSyncer] Types to download:  with reason: 4
2026-06-20 06:56:50.628: [INFO][SyncEngineBackend::DoFinishConfigureDataTypes] Failed to download types:  and succeeded types: 
2026-06-20 06:56:50.628: [INFO][Sync] ConfigurationDone, failed: , succeeded: , remaining count: 3
2026-06-20 06:56:50.628: [INFO][SyncManagerImpl::ConfigureSyncer] Types to download:  with reason: 4
2026-06-20 06:56:50.628: [INFO][SyncEngineBackend::DoFinishConfigureDataTypes] Failed to download types:  and succeeded types: 
2026-06-20 06:56:50.628: [INFO][Sync] ConfigurationDone, failed: , succeeded: , remaining count: 2
2026-06-20 06:56:50.628: [INFO][SyncManagerImpl::ConfigureSyncer] Types to download:  with reason: 4
2026-06-20 06:56:50.628: [INFO][SyncEngineBackend::DoFinishConfigureDataTypes] Failed to download types:  and succeeded types: 
2026-06-20 06:56:50.628: [INFO][Sync] ConfigurationDone, failed: , succeeded: , remaining count: 1
2026-06-20 06:56:50.632: [INFO][SyncManagerImpl::ConfigureSyncer] Types to download:  with reason: 4
2026-06-20 06:56:50.632: [INFO][SyncEngineBackend::DoFinishConfigureDataTypes] Failed to download types:  and succeeded types: 
2026-06-20 06:56:50.632: [INFO][Sync] ConfigurationDone, failed: , succeeded: , remaining count: 0
2026-06-20 06:56:50.635: [INFO][Sync]     Configuration completed, state: 3
2026-06-20 06:56:50.635: [INFO][Sync] Configured DataTypeManager: Ok
2026-06-20 06:56:50.638: [INFO][SyncEngineBackend::DoStartSyncing] Start syncing
2026-06-20 06:57:17.266: [INFO][Sync] Reset engine, reason: 0
2026-06-20 06:57:17.266: [INFO][Sync] Reset engine with reason: 0
2026-06-20 06:57:53.343: [INFO][Sync] SyncState after authenticated was: FeatureCanStart
2026-06-20 06:57:53.830: [INFO][SyncAuthManager::SetLastAuthError] Current auth error: None
2026-06-20 06:57:53.830: [INFO][SyncAuthManager::EdgeLogTokenErrorState] Token error with: None for account type: MSA
2026-06-20 06:57:53.830: [INFO][Sync] Credentials changed for: EdgeSyncKeyDataScope
2026-06-20 06:57:54.301: [INFO][Sync] Try to start sync engine
2026-06-20 06:57:54.322: [INFO][SyncEngineBackend::LoadAndConnectNigoriController] Load and connect Nigori controller
2026-06-20 06:57:54.322: [INFO][SyncEngineBackend::DoInitialize] Control Types added: 
2026-06-20 06:57:54.322: [INFO][SyncManagerImpl::ConfigureSyncer] Types to download:  with reason: 4
2026-06-20 06:57:54.322: [INFO][SyncEngineBackend::DoUpdateKeyDataCredentials] Update key data credentials
2026-06-20 06:57:54.332: [INFO][Sync] Started DataTypeManager configuration, reason: 4
2026-06-20 06:57:54.332: [INFO][Sync] Configuring for: Bookmarks, Preferences, Passwords, Autofill Profiles, Autofill, Extensions, Sessions, Extension settings, History Delete Directives, Device Info, User Consents, Send Tab To Self, Web Apps, History, Saved Tab Group, WebAuthn Credentials, Collection, Edge E Drop, Edge Hub App Usage, Edge Wallet, Edge Workspace, Encryption Keys, reason: 4, current state: 0
2026-06-20 06:57:54.332: [INFO][SyncEngineBackend::DoStartConfiguration] Start configuration
2026-06-20 06:57:54.336: [INFO][Sync] Configure, desired: Bookmarks, Preferences, Passwords, Autofill Profiles, Autofill, Extensions, Sessions, Extension settings, History Delete Directives, Device Info, User Consents, Send Tab To Self, Web Apps, History, Saved Tab Group, WebAuthn Credentials, Collection, Edge E Drop, Edge Hub App Usage, Edge Wallet, Edge Workspace, Encryption Keys; Allow fail: 
2026-06-20 06:57:54.336: [INFO][Sync] Loading: Bookmarks
2026-06-20 06:57:54.336: [INFO][Sync] Loading: Preferences
2026-06-20 06:57:54.336: [INFO][Sync] Loading: Passwords
2026-06-20 06:57:54.336: [INFO][Sync] Loading: Autofill Profiles
2026-06-20 06:57:54.336: [INFO][Sync] Loading: Autofill
2026-06-20 06:57:54.336: [INFO][Sync] Loading: Extensions
2026-06-20 06:57:54.336: [INFO][Sync] Loading: Sessions
2026-06-20 06:57:54.336: [INFO][Sync] Loading: Extension settings
2026-06-20 06:57:54.336: [INFO][Sync] Loading: History Delete Directives
2026-06-20 06:57:54.337: [INFO][Sync] Loading: Device Info
2026-06-20 06:57:54.337: [INFO][Sync] Loading: User Consents
2026-06-20 06:57:54.337: [INFO][Sync] Loading: Send Tab To Self
2026-06-20 06:57:54.337: [INFO][Sync] Loading: Web Apps
2026-06-20 06:57:54.337: [INFO][Sync] Loading: History
2026-06-20 06:57:54.337: [INFO][Sync] Loading: Saved Tab Group
2026-06-20 06:57:54.337: [INFO][Sync] Loading: WebAuthn Credentials
2026-06-20 06:57:54.337: [INFO][Sync] Loading: Collection
2026-06-20 06:57:54.337: [INFO][Sync] Loading: Edge E Drop
2026-06-20 06:57:54.337: [INFO][Sync] Loading: Edge Hub App Usage
2026-06-20 06:57:54.337: [INFO][Sync] Loading: Edge Wallet
2026-06-20 06:57:54.337: [INFO][Sync] Loading: Edge Workspace
2026-06-20 06:57:54.348: [INFO][Sync] All data types are ready for configure.
2026-06-20 06:57:54.348: [INFO][SyncAuthManager::SetLastAuthError] Current auth error: None
2026-06-20 06:57:54.348: [INFO][SyncAuthManager::EdgeLogTokenErrorState] Token error with: None for account type: MSA
2026-06-20 06:57:54.348: [INFO][Sync] Credentials changed for: EdgeSyncScopeNew
2026-06-20 06:57:54.348: [INFO][SyncManagerImpl::ConfigureSyncer] Types to download:  with reason: 4
2026-06-20 06:57:54.348: [INFO][SyncEngineBackend::DoFinishConfigureDataTypes] Failed to download types:  and succeeded types: 
2026-06-20 06:57:54.348: [INFO][SyncEngineBackend::DoUpdateCredentials] Update credentials
2026-06-20 06:57:54.348: [INFO][SyncEngineBackend::DoUpdateKeyDataCredentials] Update key data credentials
2026-06-20 06:57:54.352: [INFO][Sync] ConfigurationDone, failed: , succeeded: , remaining count: 4
2026-06-20 06:57:54.353: [INFO][SyncManagerImpl::ConfigureSyncer] Types to download:  with reason: 4
2026-06-20 06:57:54.353: [INFO][SyncEngineBackend::DoFinishConfigureDataTypes] Failed to download types:  and succeeded types: 
2026-06-20 06:57:54.353: [INFO][Sync] ConfigurationDone, failed: , succeeded: , remaining count: 3
2026-06-20 06:57:54.353: [INFO][SyncManagerImpl::ConfigureSyncer] Types to download:  with reason: 4
2026-06-20 06:57:54.353: [INFO][SyncEngineBackend::DoFinishConfigureDataTypes] Failed to download types:  and succeeded types: 
2026-06-20 06:57:54.353: [INFO][Sync] ConfigurationDone, failed: , succeeded: , remaining count: 2
2026-06-20 06:57:54.353: [INFO][SyncManagerImpl::ConfigureSyncer] Types to download:  with reason: 4
2026-06-20 06:57:54.353: [INFO][SyncEngineBackend::DoFinishConfigureDataTypes] Failed to download types:  and succeeded types: 
2026-06-20 06:57:54.354: [INFO][Sync] ConfigurationDone, failed: , succeeded: , remaining count: 1
2026-06-20 06:57:54.358: [INFO][SyncManagerImpl::ConfigureSyncer] Types to download:  with reason: 4
2026-06-20 06:57:54.358: [INFO][SyncEngineBackend::DoFinishConfigureDataTypes] Failed to download types:  and succeeded types: 
2026-06-20 06:57:54.358: [INFO][Sync] ConfigurationDone, failed: , succeeded: , remaining count: 0
2026-06-20 06:57:54.363: [INFO][Sync]     Configuration completed, state: 3
2026-06-20 06:57:54.363: [INFO][Sync] Configured DataTypeManager: Ok
2026-06-20 06:57:54.369: [INFO][SyncEngineBackend::DoStartSyncing] Start syncing
2026-06-20 06:58:22.424: [INFO][Sync] Reset engine, reason: 0
2026-06-20 06:58:22.424: [INFO][Sync] Reset engine with reason: 0
2026-06-20 07:05:19.717: [INFO][Sync] SyncState after authenticated was: FeatureCanStart
2026-06-20 07:05:20.257: [INFO][Sync] Try to start sync engine
2026-06-20 07:05:20.274: [INFO][SyncEngineBackend::LoadAndConnectNigoriController] Load and connect Nigori controller
2026-06-20 07:05:20.274: [INFO][SyncEngineBackend::DoInitialize] Control Types added: 
2026-06-20 07:05:20.274: [INFO][SyncManagerImpl::ConfigureSyncer] Types to download:  with reason: 4
2026-06-20 07:05:20.283: [INFO][Sync] Started DataTypeManager configuration, reason: 4
2026-06-20 07:05:20.284: [INFO][Sync] Configuring for: Bookmarks, Preferences, Passwords, Autofill Profiles, Autofill, Extensions, Sessions, Extension settings, History Delete Directives, Device Info, User Consents, Send Tab To Self, Web Apps, History, Saved Tab Group, WebAuthn Credentials, Collection, Edge E Drop, Edge Hub App Usage, Edge Wallet, Edge Workspace, Encryption Keys, reason: 4, current state: 0
2026-06-20 07:05:20.284: [INFO][SyncEngineBackend::DoStartConfiguration] Start configuration
2026-06-20 07:05:20.287: [INFO][Sync] Configure, desired: Bookmarks, Preferences, Passwords, Autofill Profiles, Autofill, Extensions, Sessions, Extension settings, History Delete Directives, Device Info, User Consents, Send Tab To Self, Web Apps, History, Saved Tab Group, WebAuthn Credentials, Collection, Edge E Drop, Edge Hub App Usage, Edge Wallet, Edge Workspace, Encryption Keys; Allow fail: 
2026-06-20 07:05:20.287: [INFO][Sync] Loading: Bookmarks
2026-06-20 07:05:20.287: [INFO][Sync] Loading: Preferences
2026-06-20 07:05:20.287: [INFO][Sync] Loading: Passwords
2026-06-20 07:05:20.287: [INFO][Sync] Loading: Autofill Profiles
2026-06-20 07:05:20.287: [INFO][Sync] Loading: Autofill
2026-06-20 07:05:20.288: [INFO][Sync] Loading: Extensions
2026-06-20 07:05:20.288: [INFO][Sync] Loading: Sessions
2026-06-20 07:05:20.288: [INFO][Sync] Loading: Extension settings
2026-06-20 07:05:20.288: [INFO][Sync] Loading: History Delete Directives
2026-06-20 07:05:20.288: [INFO][Sync] Loading: Device Info
2026-06-20 07:05:20.288: [INFO][Sync] Loading: User Consents
2026-06-20 07:05:20.288: [INFO][Sync] Loading: Send Tab To Self
2026-06-20 07:05:20.288: [INFO][Sync] Loading: Web Apps
2026-06-20 07:05:20.288: [INFO][Sync] Loading: History
2026-06-20 07:05:20.288: [INFO][Sync] Loading: Saved Tab Group
2026-06-20 07:05:20.288: [INFO][Sync] Loading: WebAuthn Credentials
2026-06-20 07:05:20.288: [INFO][Sync] Loading: Collection
2026-06-20 07:05:20.288: [INFO][Sync] Loading: Edge E Drop
2026-06-20 07:05:20.288: [INFO][Sync] Loading: Edge Hub App Usage
2026-06-20 07:05:20.288: [INFO][Sync] Loading: Edge Wallet
2026-06-20 07:05:20.288: [INFO][Sync] Loading: Edge Workspace
2026-06-20 07:05:20.443: [INFO][SyncAuthManager::SetLastAuthError] Current auth error: None
2026-06-20 07:05:20.443: [INFO][SyncAuthManager::EdgeLogTokenErrorState] Token error with: None for account type: MSA
2026-06-20 07:05:20.443: [INFO][Sync] Credentials changed for: EdgeSyncScopeNew
2026-06-20 07:05:20.490: [INFO][Sync] All data types are ready for configure.
2026-06-20 07:05:20.490: [INFO][SyncManagerImpl::ConfigureSyncer] Types to download:  with reason: 4
2026-06-20 07:05:20.490: [INFO][SyncEngineBackend::DoFinishConfigureDataTypes] Failed to download types:  and succeeded types: 
2026-06-20 07:05:20.491: [INFO][Sync] ConfigurationDone, failed: , succeeded: , remaining count: 4
2026-06-20 07:05:20.491: [INFO][SyncManagerImpl::ConfigureSyncer] Types to download:  with reason: 4
2026-06-20 07:05:20.491: [INFO][SyncEngineBackend::DoFinishConfigureDataTypes] Failed to download types:  and succeeded types: 
2026-06-20 07:05:20.491: [INFO][Sync] ConfigurationDone, failed: , succeeded: , remaining count: 3
2026-06-20 07:05:20.491: [INFO][SyncManagerImpl::ConfigureSyncer] Types to download:  with reason: 4
2026-06-20 07:05:20.491: [INFO][SyncEngineBackend::DoFinishConfigureDataTypes] Failed to download types:  and succeeded types: 
2026-06-20 07:05:20.491: [INFO][Sync] ConfigurationDone, failed: , succeeded: , remaining count: 2
2026-06-20 07:05:20.491: [INFO][SyncManagerImpl::ConfigureSyncer] Types to download:  with reason: 4
2026-06-20 07:05:20.491: [INFO][SyncEngineBackend::DoFinishConfigureDataTypes] Failed to download types:  and succeeded types: 
2026-06-20 07:05:20.491: [INFO][Sync] ConfigurationDone, failed: , succeeded: , remaining count: 1
2026-06-20 07:05:20.496: [INFO][SyncManagerImpl::ConfigureSyncer] Types to download:  with reason: 4
2026-06-20 07:05:20.496: [INFO][SyncEngineBackend::DoFinishConfigureDataTypes] Failed to download types:  and succeeded types: 
2026-06-20 07:05:20.496: [INFO][Sync] ConfigurationDone, failed: , succeeded: , remaining count: 0
2026-06-20 07:05:20.501: [INFO][Sync]     Configuration completed, state: 3
2026-06-20 07:05:20.501: [INFO][Sync] Configured DataTypeManager: Ok
2026-06-20 07:05:20.507: [INFO][SyncEngineBackend::DoStartSyncing] Start syncing
2026-06-20 07:05:21.915: [INFO][SyncAuthManager::SetLastAuthError] Current auth error: None
2026-06-20 07:05:21.915: [INFO][SyncAuthManager::EdgeLogTokenErrorState] Token error with: None for account type: MSA
2026-06-20 07:05:21.915: [INFO][Sync] Credentials changed for: EdgeSyncKeyDataScope
2026-06-20 07:05:21.916: [INFO][SyncEngineBackend::DoUpdateKeyDataCredentials] Update key data credentials
2026-06-20 07:05:21.916: [INFO][SyncEngineBackend::DoUpdateCredentials] Update credentials
2026-06-20 07:05:35.647: [INFO][Sync] Reset engine, reason: 0
2026-06-20 07:05:35.647: [INFO][Sync] Reset engine with reason: 0
2026-06-20 07:06:37.336: [INFO][Sync] SyncState after authenticated was: FeatureCanStart
2026-06-20 07:06:37.931: [INFO][SyncAuthManager::SetLastAuthError] Current auth error: None
2026-06-20 07:06:37.931: [INFO][SyncAuthManager::EdgeLogTokenErrorState] Token error with: None for account type: MSA
2026-06-20 07:06:37.931: [INFO][Sync] Credentials changed for: EdgeSyncKeyDataScope
2026-06-20 07:06:38.231: [INFO][Sync] Try to start sync engine
2026-06-20 07:06:38.241: [INFO][SyncAuthManager::SetLastAuthError] Current auth error: None
2026-06-20 07:06:38.241: [INFO][SyncAuthManager::EdgeLogTokenErrorState] Token error with: None for account type: MSA
2026-06-20 07:06:38.241: [INFO][Sync] Credentials changed for: EdgeSyncScopeNew
2026-06-20 07:06:38.250: [INFO][SyncEngineBackend::LoadAndConnectNigoriController] Load and connect Nigori controller
2026-06-20 07:06:38.250: [INFO][SyncEngineBackend::DoInitialize] Control Types added: 
2026-06-20 07:06:38.250: [INFO][SyncManagerImpl::ConfigureSyncer] Types to download:  with reason: 4
2026-06-20 07:06:38.250: [INFO][SyncEngineBackend::DoUpdateKeyDataCredentials] Update key data credentials
2026-06-20 07:06:38.250: [INFO][SyncEngineBackend::DoUpdateCredentials] Update credentials
2026-06-20 07:06:38.250: [INFO][SyncEngineBackend::DoUpdateKeyDataCredentials] Update key data credentials
2026-06-20 07:06:38.259: [INFO][Sync] Started DataTypeManager configuration, reason: 4
2026-06-20 07:06:38.259: [INFO][Sync] Configuring for: Bookmarks, Preferences, Passwords, Autofill Profiles, Autofill, Extensions, Sessions, Extension settings, History Delete Directives, Device Info, User Consents, Send Tab To Self, Web Apps, History, Saved Tab Group, WebAuthn Credentials, Collection, Edge E Drop, Edge Hub App Usage, Edge Wallet, Edge Workspace, Encryption Keys, reason: 4, current state: 0
2026-06-20 07:06:38.260: [INFO][SyncEngineBackend::DoStartConfiguration] Start configuration
2026-06-20 07:06:38.264: [INFO][Sync] Configure, desired: Bookmarks, Preferences, Passwords, Autofill Profiles, Autofill, Extensions, Sessions, Extension settings, History Delete Directives, Device Info, User Consents, Send Tab To Self, Web Apps, History, Saved Tab Group, WebAuthn Credentials, Collection, Edge E Drop, Edge Hub App Usage, Edge Wallet, Edge Workspace, Encryption Keys; Allow fail: 
2026-06-20 07:06:38.265: [INFO][Sync] Loading: Bookmarks
2026-06-20 07:06:38.265: [INFO][Sync] Loading: Preferences
2026-06-20 07:06:38.265: [INFO][Sync] Loading: Passwords
2026-06-20 07:06:38.265: [INFO][Sync] Loading: Autofill Profiles
2026-06-20 07:06:38.265: [INFO][Sync] Loading: Autofill
2026-06-20 07:06:38.265: [INFO][Sync] Loading: Extensions
2026-06-20 07:06:38.265: [INFO][Sync] Loading: Sessions
2026-06-20 07:06:38.265: [INFO][Sync] Loading: Extension settings
2026-06-20 07:06:38.265: [INFO][Sync] Loading: History Delete Directives
2026-06-20 07:06:38.265: [INFO][Sync] Loading: Device Info
2026-06-20 07:06:38.265: [INFO][Sync] Loading: User Consents
2026-06-20 07:06:38.265: [INFO][Sync] Loading: Send Tab To Self
2026-06-20 07:06:38.265: [INFO][Sync] Loading: Web Apps
2026-06-20 07:06:38.265: [INFO][Sync] Loading: History
2026-06-20 07:06:38.265: [INFO][Sync] Loading: Saved Tab Group
2026-06-20 07:06:38.265: [INFO][Sync] Loading: WebAuthn Credentials
2026-06-20 07:06:38.265: [INFO][Sync] Loading: Collection
2026-06-20 07:06:38.265: [INFO][Sync] Loading: Edge E Drop
2026-06-20 07:06:38.265: [INFO][Sync] Loading: Edge Hub App Usage
2026-06-20 07:06:38.265: [INFO][Sync] Loading: Edge Wallet
2026-06-20 07:06:38.265: [INFO][Sync] Loading: Edge Workspace
2026-06-20 07:06:38.271: [INFO][Sync] All data types are ready for configure.
2026-06-20 07:06:38.271: [INFO][SyncManagerImpl::ConfigureSyncer] Types to download:  with reason: 4
2026-06-20 07:06:38.271: [INFO][SyncEngineBackend::DoFinishConfigureDataTypes] Failed to download types:  and succeeded types: 
2026-06-20 07:06:38.271: [INFO][Sync] ConfigurationDone, failed: , succeeded: , remaining count: 4
2026-06-20 07:06:38.271: [INFO][SyncManagerImpl::ConfigureSyncer] Types to download:  with reason: 4
2026-06-20 07:06:38.271: [INFO][SyncEngineBackend::DoFinishConfigureDataTypes] Failed to download types:  and succeeded types: 
2026-06-20 07:06:38.271: [INFO][Sync] ConfigurationDone, failed: , succeeded: , remaining count: 3
2026-06-20 07:06:38.271: [INFO][SyncManagerImpl::ConfigureSyncer] Types to download:  with reason: 4
2026-06-20 07:06:38.271: [INFO][SyncEngineBackend::DoFinishConfigureDataTypes] Failed to download types:  and succeeded types: 
2026-06-20 07:06:38.271: [INFO][Sync] ConfigurationDone, failed: , succeeded: , remaining count: 2
2026-06-20 07:06:38.271: [INFO][SyncManagerImpl::ConfigureSyncer] Types to download:  with reason: 4
2026-06-20 07:06:38.271: [INFO][SyncEngineBackend::DoFinishConfigureDataTypes] Failed to download types:  and succeeded types: 
2026-06-20 07:06:38.271: [INFO][Sync] ConfigurationDone, failed: , succeeded: , remaining count: 1
2026-06-20 07:06:38.276: [INFO][SyncManagerImpl::ConfigureSyncer] Types to download:  with reason: 4
2026-06-20 07:06:38.276: [INFO][SyncEngineBackend::DoFinishConfigureDataTypes] Failed to download types:  and succeeded types: 
2026-06-20 07:06:38.276: [INFO][Sync] ConfigurationDone, failed: , succeeded: , remaining count: 0
2026-06-20 07:06:38.281: [INFO][Sync]     Configuration completed, state: 3
2026-06-20 07:06:38.282: [INFO][Sync] Configured DataTypeManager: Ok
2026-06-20 07:06:38.287: [INFO][SyncEngineBackend::DoStartSyncing] Start syncing
2026-06-20 07:06:56.874: [INFO][Sync] Reset engine, reason: 0
2026-06-20 07:06:56.874: [INFO][Sync] Reset engine with reason: 0
2026-06-20 08:36:21.239: [INFO][Sync] SyncState after authenticated was: FeatureCanStart
2026-06-20 08:36:23.940: [INFO][Sync] Try to start sync engine
2026-06-20 08:36:23.959: [INFO][SyncEngineBackend::LoadAndConnectNigoriController] Load and connect Nigori controller
2026-06-20 08:36:23.959: [INFO][SyncEngineBackend::DoInitialize] Control Types added: 
2026-06-20 08:36:23.959: [INFO][SyncManagerImpl::ConfigureSyncer] Types to download:  with reason: 4
2026-06-20 08:36:23.972: [INFO][Sync] Started DataTypeManager configuration, reason: 4
2026-06-20 08:36:23.972: [INFO][Sync] Configuring for: Bookmarks, Preferences, Passwords, Autofill Profiles, Autofill, Extensions, Sessions, Extension settings, History Delete Directives, Device Info, User Consents, Send Tab To Self, Web Apps, History, Saved Tab Group, WebAuthn Credentials, Collection, Edge E Drop, Edge Hub App Usage, Edge Wallet, Edge Workspace, Encryption Keys, reason: 4, current state: 0
2026-06-20 08:36:23.972: [INFO][SyncEngineBackend::DoStartConfiguration] Start configuration
2026-06-20 08:36:23.977: [INFO][Sync] Configure, desired: Bookmarks, Preferences, Passwords, Autofill Profiles, Autofill, Extensions, Sessions, Extension settings, History Delete Directives, Device Info, User Consents, Send Tab To Self, Web Apps, History, Saved Tab Group, WebAuthn Credentials, Collection, Edge E Drop, Edge Hub App Usage, Edge Wallet, Edge Workspace, Encryption Keys; Allow fail: 
2026-06-20 08:36:23.977: [INFO][Sync] Loading: Bookmarks
2026-06-20 08:36:23.977: [INFO][Sync] Loading: Preferences
2026-06-20 08:36:23.977: [INFO][Sync] Loading: Passwords
2026-06-20 08:36:23.977: [INFO][Sync] Loading: Autofill Profiles
2026-06-20 08:36:23.977: [INFO][Sync] Loading: Autofill
2026-06-20 08:36:23.977: [INFO][Sync] Loading: Extensions
2026-06-20 08:36:23.977: [INFO][Sync] Loading: Sessions
2026-06-20 08:36:23.977: [INFO][Sync] Loading: Extension settings
2026-06-20 08:36:23.977: [INFO][Sync] Loading: History Delete Directives
2026-06-20 08:36:23.977: [INFO][Sync] Loading: Device Info
2026-06-20 08:36:23.977: [INFO][Sync] Loading: User Consents
2026-06-20 08:36:23.977: [INFO][Sync] Loading: Send Tab To Self
2026-06-20 08:36:23.977: [INFO][Sync] Loading: Web Apps
2026-06-20 08:36:23.977: [INFO][Sync] Loading: History
2026-06-20 08:36:23.977: [INFO][Sync] Loading: Saved Tab Group
2026-06-20 08:36:23.977: [INFO][Sync] Loading: WebAuthn Credentials
2026-06-20 08:36:23.977: [INFO][Sync] Loading: Collection
2026-06-20 08:36:23.977: [INFO][Sync] Loading: Edge E Drop
2026-06-20 08:36:23.977: [INFO][Sync] Loading: Edge Hub App Usage
2026-06-20 08:36:23.977: [INFO][Sync] Loading: Edge Wallet
2026-06-20 08:36:23.977: [INFO][Sync] Loading: Edge Workspace
2026-06-20 08:36:23.991: [INFO][Sync] All data types are ready for configure.
2026-06-20 08:36:23.992: [INFO][SyncManagerImpl::ConfigureSyncer] Types to download:  with reason: 4
2026-06-20 08:36:23.992: [INFO][SyncEngineBackend::DoFinishConfigureDataTypes] Failed to download types:  and succeeded types: 
2026-06-20 08:36:23.992: [INFO][Sync] ConfigurationDone, failed: , succeeded: , remaining count: 4
2026-06-20 08:36:23.992: [INFO][SyncManagerImpl::ConfigureSyncer] Types to download:  with reason: 4
2026-06-20 08:36:23.992: [INFO][SyncEngineBackend::DoFinishConfigureDataTypes] Failed to download types:  and succeeded types: 
2026-06-20 08:36:23.992: [INFO][Sync] ConfigurationDone, failed: , succeeded: , remaining count: 3
2026-06-20 08:36:23.993: [INFO][SyncManagerImpl::ConfigureSyncer] Types to download:  with reason: 4
2026-06-20 08:36:23.993: [INFO][SyncEngineBackend::DoFinishConfigureDataTypes] Failed to download types:  and succeeded types: 
2026-06-20 08:36:23.993: [INFO][Sync] ConfigurationDone, failed: , succeeded: , remaining count: 2
2026-06-20 08:36:23.993: [INFO][SyncManagerImpl::ConfigureSyncer] Types to download:  with reason: 4
2026-06-20 08:36:23.993: [INFO][SyncEngineBackend::DoFinishConfigureDataTypes] Failed to download types:  and succeeded types: 
2026-06-20 08:36:23.993: [INFO][Sync] ConfigurationDone, failed: , succeeded: , remaining count: 1
2026-06-20 08:36:23.996: [INFO][SyncManagerImpl::ConfigureSyncer] Types to download:  with reason: 4
2026-06-20 08:36:23.996: [INFO][SyncEngineBackend::DoFinishConfigureDataTypes] Failed to download types:  and succeeded types: 
2026-06-20 08:36:23.996: [INFO][Sync] ConfigurationDone, failed: , succeeded: , remaining count: 0
2026-06-20 08:36:24.002: [INFO][Sync]     Configuration completed, state: 3
2026-06-20 08:36:24.003: [INFO][Sync] Configured DataTypeManager: Ok
2026-06-20 08:36:24.010: [INFO][SyncEngineBackend::DoStartSyncing] Start syncing
2026-06-20 08:36:24.214: [INFO][SyncAuthManager::SetLastAuthError] Current auth error: None
2026-06-20 08:36:24.214: [INFO][SyncAuthManager::EdgeLogTokenErrorState] Token error with: None for account type: MSA
2026-06-20 08:36:24.214: [INFO][Sync] Credentials changed for: EdgeSyncScopeNew
2026-06-20 08:36:25.423: [INFO][SyncAuthManager::SetLastAuthError] Current auth error: None
2026-06-20 08:36:25.423: [INFO][SyncAuthManager::EdgeLogTokenErrorState] Token error with: None for account type: MSA
2026-06-20 08:36:25.423: [INFO][Sync] Credentials changed for: EdgeSyncKeyDataScope
2026-06-20 08:36:25.423: [INFO][SyncEngineBackend::DoUpdateKeyDataCredentials] Update key data credentials
2026-06-20 08:36:25.423: [INFO][SyncEngineBackend::DoUpdateCredentials] Update credentials
2026-06-20 08:36:38.004: [INFO][Sync] Reset engine, reason: 0
2026-06-20 08:36:38.004: [INFO][Sync] Reset engine with reason: 0
2026-06-20 08:37:56.567: [INFO][Sync] SyncState after authenticated was: FeatureCanStart
2026-06-20 08:37:57.174: [INFO][SyncAuthManager::SetLastAuthError] Current auth error: None
2026-06-20 08:37:57.174: [INFO][SyncAuthManager::EdgeLogTokenErrorState] Token error with: None for account type: MSA
2026-06-20 08:37:57.174: [INFO][Sync] Credentials changed for: EdgeSyncKeyDataScope
2026-06-20 08:37:57.522: [INFO][Sync] Try to start sync engine
2026-06-20 08:37:57.531: [INFO][SyncAuthManager::SetLastAuthError] Current auth error: None
2026-06-20 08:37:57.531: [INFO][SyncAuthManager::EdgeLogTokenErrorState] Token error with: None for account type: MSA
2026-06-20 08:37:57.531: [INFO][Sync] Credentials changed for: EdgeSyncScopeNew
2026-06-20 08:37:57.539: [INFO][SyncEngineBackend::LoadAndConnectNigoriController] Load and connect Nigori controller
2026-06-20 08:37:57.539: [INFO][SyncEngineBackend::DoInitialize] Control Types added: 
2026-06-20 08:37:57.539: [INFO][SyncManagerImpl::ConfigureSyncer] Types to download:  with reason: 4
2026-06-20 08:37:57.540: [INFO][SyncEngineBackend::DoUpdateKeyDataCredentials] Update key data credentials
2026-06-20 08:37:57.540: [INFO][SyncEngineBackend::DoUpdateCredentials] Update credentials
2026-06-20 08:37:57.540: [INFO][SyncEngineBackend::DoUpdateKeyDataCredentials] Update key data credentials
2026-06-20 08:37:57.548: [INFO][Sync] Started DataTypeManager configuration, reason: 4
2026-06-20 08:37:57.549: [INFO][Sync] Configuring for: Bookmarks, Preferences, Passwords, Autofill Profiles, Autofill, Extensions, Sessions, Extension settings, History Delete Directives, Device Info, User Consents, Send Tab To Self, Web Apps, History, Saved Tab Group, WebAuthn Credentials, Collection, Edge E Drop, Edge Hub App Usage, Edge Wallet, Edge Workspace, Encryption Keys, reason: 4, current state: 0
2026-06-20 08:37:57.549: [INFO][SyncEngineBackend::DoStartConfiguration] Start configuration
2026-06-20 08:37:57.553: [INFO][Sync] Configure, desired: Bookmarks, Preferences, Passwords, Autofill Profiles, Autofill, Extensions, Sessions, Extension settings, History Delete Directives, Device Info, User Consents, Send Tab To Self, Web Apps, History, Saved Tab Group, WebAuthn Credentials, Collection, Edge E Drop, Edge Hub App Usage, Edge Wallet, Edge Workspace, Encryption Keys; Allow fail: 
2026-06-20 08:37:57.553: [INFO][Sync] Loading: Bookmarks
2026-06-20 08:37:57.553: [INFO][Sync] Loading: Preferences
2026-06-20 08:37:57.553: [INFO][Sync] Loading: Passwords
2026-06-20 08:37:57.553: [INFO][Sync] Loading: Autofill Profiles
2026-06-20 08:37:57.553: [INFO][Sync] Loading: Autofill
2026-06-20 08:37:57.553: [INFO][Sync] Loading: Extensions
2026-06-20 08:37:57.553: [INFO][Sync] Loading: Sessions
2026-06-20 08:37:57.553: [INFO][Sync] Loading: Extension settings
2026-06-20 08:37:57.553: [INFO][Sync] Loading: History Delete Directives
2026-06-20 08:37:57.553: [INFO][Sync] Loading: Device Info
2026-06-20 08:37:57.553: [INFO][Sync] Loading: User Consents
2026-06-20 08:37:57.553: [INFO][Sync] Loading: Send Tab To Self
2026-06-20 08:37:57.553: [INFO][Sync] Loading: Web Apps
2026-06-20 08:37:57.553: [INFO][Sync] Loading: History
2026-06-20 08:37:57.553: [INFO][Sync] Loading: Saved Tab Group
2026-06-20 08:37:57.553: [INFO][Sync] Loading: WebAuthn Credentials
2026-06-20 08:37:57.553: [INFO][Sync] Loading: Collection
2026-06-20 08:37:57.553: [INFO][Sync] Loading: Edge E Drop
2026-06-20 08:37:57.553: [INFO][Sync] Loading: Edge Hub App Usage
2026-06-20 08:37:57.553: [INFO][Sync] Loading: Edge Wallet
2026-06-20 08:37:57.553: [INFO][Sync] Loading: Edge Workspace
2026-06-20 08:37:57.559: [INFO][Sync] All data types are ready for configure.
2026-06-20 08:37:57.559: [INFO][SyncManagerImpl::ConfigureSyncer] Types to download:  with reason: 4
2026-06-20 08:37:57.559: [INFO][SyncEngineBackend::DoFinishConfigureDataTypes] Failed to download types:  and succeeded types: 
2026-06-20 08:37:57.559: [INFO][Sync] ConfigurationDone, failed: , succeeded: , remaining count: 4
2026-06-20 08:37:57.559: [INFO][SyncManagerImpl::ConfigureSyncer] Types to download:  with reason: 4
2026-06-20 08:37:57.559: [INFO][SyncEngineBackend::DoFinishConfigureDataTypes] Failed to download types:  and succeeded types: 
2026-06-20 08:37:57.559: [INFO][Sync] ConfigurationDone, failed: , succeeded: , remaining count: 3
2026-06-20 08:37:57.559: [INFO][SyncManagerImpl::ConfigureSyncer] Types to download:  with reason: 4
2026-06-20 08:37:57.559: [INFO][SyncEngineBackend::DoFinishConfigureDataTypes] Failed to download types:  and succeeded types: 
2026-06-20 08:37:57.559: [INFO][Sync] ConfigurationDone, failed: , succeeded: , remaining count: 2
2026-06-20 08:37:57.559: [INFO][SyncManagerImpl::ConfigureSyncer] Types to download:  with reason: 4
2026-06-20 08:37:57.559: [INFO][SyncEngineBackend::DoFinishConfigureDataTypes] Failed to download types:  and succeeded types: 
2026-06-20 08:37:57.559: [INFO][Sync] ConfigurationDone, failed: , succeeded: , remaining count: 1
2026-06-20 08:37:57.564: [INFO][SyncManagerImpl::ConfigureSyncer] Types to download:  with reason: 4
2026-06-20 08:37:57.564: [INFO][SyncEngineBackend::DoFinishConfigureDataTypes] Failed to download types:  and succeeded types: 
2026-06-20 08:37:57.564: [INFO][Sync] ConfigurationDone, failed: , succeeded: , remaining count: 0
2026-06-20 08:37:57.569: [INFO][Sync]     Configuration completed, state: 3
2026-06-20 08:37:57.569: [INFO][Sync] Configured DataTypeManager: Ok
2026-06-20 08:37:57.576: [INFO][SyncEngineBackend::DoStartSyncing] Start syncing
2026-06-20 08:38:13.496: [INFO][Sync] Reset engine, reason: 0
2026-06-20 08:38:13.496: [INFO][Sync] Reset engine with reason: 0
